[debug] [2023-02-28T18:17:03.606Z] ----------------------------------------------------------------------
[debug] [2023-02-28T18:17:03.608Z] Command:       C:\Program Files\nodejs\node.exe C:\Users\user\AppData\Roaming\npm\node_modules\firebase-tools\lib\bin\firebase.js init
[debug] [2023-02-28T18:17:03.609Z] CLI Version:   11.24.0
[debug] [2023-02-28T18:17:03.609Z] Platform:      win32
[debug] [2023-02-28T18:17:03.609Z] Node Version:  v16.15.1
[debug] [2023-02-28T18:17:03.610Z] Time:          Wed Mar 01 2023 00:17:03 GMT+0600 (Bangladesh Standard Time)
[debug] [2023-02-28T18:17:03.610Z] ----------------------------------------------------------------------
[debug] 
[debug] [2023-02-28T18:17:03.617Z] > command requires scopes: ["email","openid","https://www.googleapis.com/auth/cloudplatformprojects.readonly","https://www.googleapis.com/auth/firebase","https://www.googleapis.com/auth/cloud-platform"]
[debug] [2023-02-28T18:17:03.618Z] > authorizing via signed-in user (sazzadhs512@gmail.com)
[info] 
     ######## #### ########  ######## ########     ###     ######  ########
     ##        ##  ##     ## ##       ##     ##  ##   ##  ##       ##
     ######    ##  ########  ######   ########  #########  ######  ######
     ##        ##  ##    ##  ##       ##     ## ##     ##       ## ##
     ##       #### ##     ## ######## ########  ##     ##  ######  ########

You're about to initialize a Firebase project in this directory:

  E:\FUll_Responsive_Project_For\Doctors_protol_Client\doctors_protol

[info] 
=== Project Setup
[info] 
[info] First, let's associate this project directory with a Firebase project.
[info] You can create multiple project aliases by running firebase use --add, 
[info] but for now we'll just set up a default project.
[info] 
[debug] [2023-02-28T18:17:11.679Z] > refreshing access token with scopes: []
[debug] [2023-02-28T18:17:11.683Z] >>> [apiv2][query] POST https://www.googleapis.com/oauth2/v3/token [none]
[debug] [2023-02-28T18:17:11.684Z] >>> [apiv2][body] POST https://www.googleapis.com/oauth2/v3/token [omitted]
[debug] [2023-02-28T18:17:12.030Z] <<< [apiv2][status] POST https://www.googleapis.com/oauth2/v3/token 200
[debug] [2023-02-28T18:17:12.031Z] <<< [apiv2][body] POST https://www.googleapis.com/oauth2/v3/token [omitted]
[debug] [2023-02-28T18:17:12.038Z] >>> [apiv2][query] GET https://firebase.googleapis.com/v1beta1/projects pageSize=100
[debug] [2023-02-28T18:17:12.871Z] <<< [apiv2][status] GET https://firebase.googleapis.com/v1beta1/projects 200
[debug] [2023-02-28T18:17:12.872Z] <<< [apiv2][body] GET https://firebase.googleapis.com/v1beta1/projects [omitted]
